[2015-03-03 20:54:05] (ERROR in xPDOConnection::connect @ /var/www/html/github/core/xpdo/xpdo.class.php : 3043) SQLSTATE[28000] [1045] Access denied for user 'root'@'localhost' (using password: NO)
[2015-03-03 20:54:05] (ERROR in xPDOConnection::connect @ /var/www/html/github/core/xpdo/xpdo.class.php : 3043) SQLSTATE[28000] [1045] Access denied for user 'root'@'localhost' (using password: NO)
[2015-03-03 20:54:05] (ERROR in xPDOConnection::connect @ /var/www/html/github/core/xpdo/xpdo.class.php : 3043) SQLSTATE[28000] [1045] Access denied for user 'root'@'localhost' (using password: NO)
[2015-03-03 20:54:05] (ERROR @ /github/index.php) Error preparing statement for query: SELECT `modSession`.`id` AS `modSession_id`, `modSession`.`access` AS `modSession_access`, `modSession`.`data` AS `modSession_data` FROM `modx_session` AS `modSession` WHERE `modSession`.`id` = ?  - 
[2015-03-03 20:54:05] (ERROR in xPDOConnection::connect @ /var/www/html/github/core/xpdo/xpdo.class.php : 3043) SQLSTATE[28000] [1045] Access denied for user 'root'@'localhost' (using password: NO)
[2015-03-03 20:54:05] (ERROR in xPDOConnection::connect @ /var/www/html/github/core/xpdo/xpdo.class.php : 3043) SQLSTATE[28000] [1045] Access denied for user 'root'@'localhost' (using password: NO)
[2015-03-03 20:54:05] (ERROR @ /github/index.php) Error preparing statement for query: SELECT `modSession`.`id` AS `modSession_id`, `modSession`.`access` AS `modSession_access`, `modSession`.`data` AS `modSession_data` FROM `modx_session` AS `modSession` WHERE `modSession`.`id` = ?  - 
[2015-03-03 20:54:05] (ERROR in xPDOConnection::connect @ /var/www/html/github/core/xpdo/xpdo.class.php : 3043) SQLSTATE[28000] [1045] Access denied for user 'root'@'localhost' (using password: NO)
[2015-03-03 20:54:05] (ERROR in xPDOConnection::connect @ /var/www/html/github/core/xpdo/xpdo.class.php : 3043) SQLSTATE[28000] [1045] Access denied for user 'root'@'localhost' (using password: NO)
[2015-03-03 20:54:08] (ERROR in xPDOConnection::connect @ /var/www/html/github/core/xpdo/xpdo.class.php : 3043) SQLSTATE[28000] [1045] Access denied for user 'root'@'localhost' (using password: NO)
[2015-03-03 20:54:08] (ERROR in xPDOConnection::connect @ /var/www/html/github/core/xpdo/xpdo.class.php : 3043) SQLSTATE[28000] [1045] Access denied for user 'root'@'localhost' (using password: NO)
[2015-03-03 20:54:08] (ERROR in xPDOConnection::connect @ /var/www/html/github/core/xpdo/xpdo.class.php : 3043) SQLSTATE[28000] [1045] Access denied for user 'root'@'localhost' (using password: NO)
[2015-03-03 20:54:08] (ERROR @ /github/index.php) Error preparing statement for query: SELECT `modSession`.`id` AS `modSession_id`, `modSession`.`access` AS `modSession_access`, `modSession`.`data` AS `modSession_data` FROM `modx_session` AS `modSession` WHERE `modSession`.`id` = ?  - 
[2015-03-03 20:54:08] (ERROR in xPDOConnection::connect @ /var/www/html/github/core/xpdo/xpdo.class.php : 3043) SQLSTATE[28000] [1045] Access denied for user 'root'@'localhost' (using password: NO)
[2015-03-03 20:54:08] (ERROR in xPDOConnection::connect @ /var/www/html/github/core/xpdo/xpdo.class.php : 3043) SQLSTATE[28000] [1045] Access denied for user 'root'@'localhost' (using password: NO)
[2015-03-03 20:54:08] (ERROR @ /github/index.php) Error preparing statement for query: SELECT `modSession`.`id` AS `modSession_id`, `modSession`.`access` AS `modSession_access`, `modSession`.`data` AS `modSession_data` FROM `modx_session` AS `modSession` WHERE `modSession`.`id` = ?  - 
[2015-03-03 20:54:08] (ERROR in xPDOConnection::connect @ /var/www/html/github/core/xpdo/xpdo.class.php : 3043) SQLSTATE[28000] [1045] Access denied for user 'root'@'localhost' (using password: NO)
[2015-03-03 20:54:08] (ERROR in xPDOConnection::connect @ /var/www/html/github/core/xpdo/xpdo.class.php : 3043) SQLSTATE[28000] [1045] Access denied for user 'root'@'localhost' (using password: NO)
[2015-03-03 20:54:10] (ERROR in xPDOConnection::connect @ /var/www/html/github/core/xpdo/xpdo.class.php : 3043) SQLSTATE[28000] [1045] Access denied for user 'root'@'localhost' (using password: NO)
[2015-03-03 20:54:10] (ERROR in xPDOConnection::connect @ /var/www/html/github/core/xpdo/xpdo.class.php : 3043) SQLSTATE[28000] [1045] Access denied for user 'root'@'localhost' (using password: NO)
[2015-03-03 20:54:10] (ERROR in xPDOConnection::connect @ /var/www/html/github/core/xpdo/xpdo.class.php : 3043) SQLSTATE[28000] [1045] Access denied for user 'root'@'localhost' (using password: NO)
[2015-03-03 20:54:10] (ERROR @ /github/connectors/index.php) Error preparing statement for query: SELECT `modSession`.`id` AS `modSession_id`, `modSession`.`access` AS `modSession_access`, `modSession`.`data` AS `modSession_data` FROM `modx_session` AS `modSession` WHERE `modSession`.`id` = ?  - 
[2015-03-03 20:54:10] (ERROR in xPDOConnection::connect @ /var/www/html/github/core/xpdo/xpdo.class.php : 3043) SQLSTATE[28000] [1045] Access denied for user 'root'@'localhost' (using password: NO)
[2015-03-03 20:54:10] (ERROR in xPDOConnection::connect @ /var/www/html/github/core/xpdo/xpdo.class.php : 3043) SQLSTATE[28000] [1045] Access denied for user 'root'@'localhost' (using password: NO)
[2015-03-03 20:54:10] (ERROR @ /github/connectors/index.php) Error preparing statement for query: SELECT modAccessContext.id, modAccessContext.target, modAccessContext.principal, modAccessContext.authority, modAccessContext.policy, Policy.data FROM `modx_access_context` AS `modAccessContext` LEFT JOIN `modx_access_policies` `Policy` ON `modAccessContext`.`policy` =  `Policy`.`id` WHERE  ( `modAccessContext`.`principal_class` = ? AND `modAccessContext`.`target` = ? )  ORDER BY modAccessContext.target,modAccessContext.principal,modAccessContext.authority,modAccessContext.policy ASC  - 
[2015-03-03 20:54:10] (ERROR in xPDOConnection::connect @ /var/www/html/github/core/xpdo/xpdo.class.php : 3043) SQLSTATE[28000] [1045] Access denied for user 'root'@'localhost' (using password: NO)
[2015-03-03 20:54:10] (ERROR in xPDOConnection::connect @ /var/www/html/github/core/xpdo/xpdo.class.php : 3043) SQLSTATE[28000] [1045] Access denied for user 'root'@'localhost' (using password: NO)
[2015-03-03 20:54:10] (ERROR in xPDOConnection::connect @ /var/www/html/github/core/xpdo/xpdo.class.php : 3043) SQLSTATE[28000] [1045] Access denied for user 'root'@'localhost' (using password: NO)
[2015-03-03 20:54:10] (ERROR @ /github/connectors/index.php) Error preparing statement for query: SELECT `modSession`.`id` AS `modSession_id`, `modSession`.`access` AS `modSession_access`, `modSession`.`data` AS `modSession_data` FROM `modx_session` AS `modSession` WHERE `modSession`.`id` = ?  - 
[2015-03-03 20:54:10] (ERROR in xPDOConnection::connect @ /var/www/html/github/core/xpdo/xpdo.class.php : 3043) SQLSTATE[28000] [1045] Access denied for user 'root'@'localhost' (using password: NO)
[2015-03-03 20:54:10] (ERROR in xPDOConnection::connect @ /var/www/html/github/core/xpdo/xpdo.class.php : 3043) SQLSTATE[28000] [1045] Access denied for user 'root'@'localhost' (using password: NO)
[2015-03-03 20:54:11] (ERROR in xPDOConnection::connect @ /var/www/html/github/core/xpdo/xpdo.class.php : 3043) SQLSTATE[28000] [1045] Access denied for user 'root'@'localhost' (using password: NO)
[2015-03-03 20:54:11] (ERROR in xPDOConnection::connect @ /var/www/html/github/core/xpdo/xpdo.class.php : 3043) SQLSTATE[28000] [1045] Access denied for user 'root'@'localhost' (using password: NO)
[2015-03-03 20:54:11] (ERROR in xPDOConnection::connect @ /var/www/html/github/core/xpdo/xpdo.class.php : 3043) SQLSTATE[28000] [1045] Access denied for user 'root'@'localhost' (using password: NO)
[2015-03-03 20:54:11] (ERROR @ /github/manager/index.php) Error preparing statement for query: SELECT `modSession`.`id` AS `modSession_id`, `modSession`.`access` AS `modSession_access`, `modSession`.`data` AS `modSession_data` FROM `modx_session` AS `modSession` WHERE `modSession`.`id` = ?  - 
[2015-03-03 20:54:11] (ERROR in xPDOConnection::connect @ /var/www/html/github/core/xpdo/xpdo.class.php : 3043) SQLSTATE[28000] [1045] Access denied for user 'root'@'localhost' (using password: NO)
[2015-03-03 20:54:11] (ERROR in xPDOConnection::connect @ /var/www/html/github/core/xpdo/xpdo.class.php : 3043) SQLSTATE[28000] [1045] Access denied for user 'root'@'localhost' (using password: NO)
[2015-03-03 20:54:11] (ERROR @ /github/manager/index.php) Error preparing statement for query: SELECT `modActionDom`.`id`, `modActionDom`.`set`, `modActionDom`.`action`, `modActionDom`.`name`, `modActionDom`.`description`, `modActionDom`.`xtype`, `modActionDom`.`container`, `modActionDom`.`rule`, `modActionDom`.`value`, `modActionDom`.`constraint`, `modActionDom`.`constraint_field`, `modActionDom`.`constraint_class`, `modActionDom`.`active`, `modActionDom`.`for_parent`, `modActionDom`.`rank`, `FCSet`.`constraint_class`, `FCSet`.`constraint_field`, `FCSet`.`constraint`, `FCSet`.`template` FROM `modx_actiondom` AS `modActionDom` JOIN `modx_fc_sets` `FCSet` ON `modActionDom`.`set` =  `FCSet`.`id` JOIN `modx_fc_profiles` `Profile` ON FCSet.profile = Profile.id LEFT JOIN `modx_fc_profiles_usergroups` `ProfileUserGroup` ON Profile.id = ProfileUserGroup.profile LEFT JOIN `modx_fc_profiles` `UGProfile` ON UGProfile.id = ProfileUserGroup.profile WHERE  ( `modActionDom`.`action` = ? AND `modActionDom`.`for_parent` = ? AND `FCSet`.`active` = ? AND `Profile`.`active` = ? )  ORDER BY modActionDom.rank ASC  - 
[2015-03-03 20:54:11] (ERROR in xPDOConnection::connect @ /var/www/html/github/core/xpdo/xpdo.class.php : 3043) SQLSTATE[28000] [1045] Access denied for user 'root'@'localhost' (using password: NO)
[2015-03-03 20:54:11] (ERROR in xPDOConnection::connect @ /var/www/html/github/core/xpdo/xpdo.class.php : 3043) SQLSTATE[28000] [1045] Access denied for user 'root'@'localhost' (using password: NO)
[2015-03-03 20:54:11] (ERROR @ /github/manager/index.php) Error preparing statement for query: SELECT `modSession`.`id` AS `modSession_id`, `modSession`.`access` AS `modSession_access`, `modSession`.`data` AS `modSession_data` FROM `modx_session` AS `modSession` WHERE `modSession`.`id` = ?  - 
[2015-03-03 20:54:11] (ERROR in xPDOConnection::connect @ /var/www/html/github/core/xpdo/xpdo.class.php : 3043) SQLSTATE[28000] [1045] Access denied for user 'root'@'localhost' (using password: NO)
[2015-03-03 20:54:11] (ERROR in xPDOConnection::connect @ /var/www/html/github/core/xpdo/xpdo.class.php : 3043) SQLSTATE[28000] [1045] Access denied for user 'root'@'localhost' (using password: NO)
[2015-03-03 20:54:20] (ERROR in xPDOConnection::connect @ /var/www/html/github/core/xpdo/xpdo.class.php : 3043) SQLSTATE[28000] [1045] Access denied for user 'root'@'localhost' (using password: NO)
[2015-03-03 20:54:20] (ERROR in xPDOConnection::connect @ /var/www/html/github/core/xpdo/xpdo.class.php : 3043) SQLSTATE[28000] [1045] Access denied for user 'root'@'localhost' (using password: NO)
[2015-03-03 20:54:20] (ERROR in xPDOConnection::connect @ /var/www/html/github/core/xpdo/xpdo.class.php : 3043) SQLSTATE[28000] [1045] Access denied for user 'root'@'localhost' (using password: NO)
[2015-03-03 20:54:20] (ERROR @ /github/manager/index.php) Error preparing statement for query: SELECT `modSession`.`id` AS `modSession_id`, `modSession`.`access` AS `modSession_access`, `modSession`.`data` AS `modSession_data` FROM `modx_session` AS `modSession` WHERE `modSession`.`id` = ?  - 
[2015-03-03 20:54:20] (ERROR in xPDOConnection::connect @ /var/www/html/github/core/xpdo/xpdo.class.php : 3043) SQLSTATE[28000] [1045] Access denied for user 'root'@'localhost' (using password: NO)
[2015-03-03 20:54:20] (ERROR in xPDOConnection::connect @ /var/www/html/github/core/xpdo/xpdo.class.php : 3043) SQLSTATE[28000] [1045] Access denied for user 'root'@'localhost' (using password: NO)
[2015-03-03 20:54:20] (ERROR @ /github/manager/index.php) Error preparing statement for query: SELECT `modActionDom`.`id`, `modActionDom`.`set`, `modActionDom`.`action`, `modActionDom`.`name`, `modActionDom`.`description`, `modActionDom`.`xtype`, `modActionDom`.`container`, `modActionDom`.`rule`, `modActionDom`.`value`, `modActionDom`.`constraint`, `modActionDom`.`constraint_field`, `modActionDom`.`constraint_class`, `modActionDom`.`active`, `modActionDom`.`for_parent`, `modActionDom`.`rank`, `FCSet`.`constraint_class`, `FCSet`.`constraint_field`, `FCSet`.`constraint`, `FCSet`.`template` FROM `modx_actiondom` AS `modActionDom` JOIN `modx_fc_sets` `FCSet` ON `modActionDom`.`set` =  `FCSet`.`id` JOIN `modx_fc_profiles` `Profile` ON FCSet.profile = Profile.id LEFT JOIN `modx_fc_profiles_usergroups` `ProfileUserGroup` ON Profile.id = ProfileUserGroup.profile LEFT JOIN `modx_fc_profiles` `UGProfile` ON UGProfile.id = ProfileUserGroup.profile WHERE  ( `modActionDom`.`action` = ? AND `modActionDom`.`for_parent` = ? AND `FCSet`.`active` = ? AND `Profile`.`active` = ? )  ORDER BY modActionDom.rank ASC  - 
[2015-03-03 20:54:20] (ERROR in xPDOConnection::connect @ /var/www/html/github/core/xpdo/xpdo.class.php : 3043) SQLSTATE[28000] [1045] Access denied for user 'root'@'localhost' (using password: NO)
[2015-03-03 20:54:20] (ERROR in xPDOConnection::connect @ /var/www/html/github/core/xpdo/xpdo.class.php : 3043) SQLSTATE[28000] [1045] Access denied for user 'root'@'localhost' (using password: NO)
[2015-03-03 20:54:20] (ERROR @ /github/manager/index.php) Error preparing statement for query: SELECT `modUser`.`id` AS `modUser_id`, `modUser`.`username` AS `modUser_username`, `modUser`.`password` AS `modUser_password`, `modUser`.`cachepwd` AS `modUser_cachepwd`, `modUser`.`class_key` AS `modUser_class_key`, `modUser`.`active` AS `modUser_active`, `modUser`.`remote_key` AS `modUser_remote_key`, `modUser`.`remote_data` AS `modUser_remote_data`, `modUser`.`hash_class` AS `modUser_hash_class`, `modUser`.`salt` AS `modUser_salt`, `modUser`.`primary_group` AS `modUser_primary_group`, `modUser`.`session_stale` AS `modUser_session_stale`, `modUser`.`sudo` AS `modUser_sudo` FROM `modx_users` AS `modUser` WHERE `modUser`.`username` = ?  - 
[2015-03-03 20:54:20] (ERROR in xPDOConnection::connect @ /var/www/html/github/core/xpdo/xpdo.class.php : 3043) SQLSTATE[28000] [1045] Access denied for user 'root'@'localhost' (using password: NO)
[2015-03-03 20:54:20] (ERROR in xPDOConnection::connect @ /var/www/html/github/core/xpdo/xpdo.class.php : 3043) SQLSTATE[28000] [1045] Access denied for user 'root'@'localhost' (using password: NO)
[2015-03-03 20:54:20] (ERROR in xPDOConnection::connect @ /var/www/html/github/core/xpdo/xpdo.class.php : 3043) SQLSTATE[28000] [1045] Access denied for user 'root'@'localhost' (using password: NO)
[2015-03-03 20:54:20] (ERROR @ /github/manager/index.php) Error  preparing statement: SELECT `modUser`.`id` AS `modUser_id`, `modUser`.`username` AS `modUser_username`, `modUser`.`password` AS `modUser_password`, `modUser`.`cachepwd` AS `modUser_cachepwd`, `modUser`.`class_key` AS `modUser_class_key`, `modUser`.`active` AS `modUser_active`, `modUser`.`remote_key` AS `modUser_remote_key`, `modUser`.`remote_data` AS `modUser_remote_data`, `modUser`.`hash_class` AS `modUser_hash_class`, `modUser`.`salt` AS `modUser_salt`, `modUser`.`primary_group` AS `modUser_primary_group`, `modUser`.`session_stale` AS `modUser_session_stale`, `modUser`.`sudo` AS `modUser_sudo`, `Profile`.`id` AS `Profile_id`, `Profile`.`internalKey` AS `Profile_internalKey`, `Profile`.`fullname` AS `Profile_fullname`, `Profile`.`email` AS `Profile_email`, `Profile`.`phone` AS `Profile_phone`, `Profile`.`mobilephone` AS `Profile_mobilephone`, `Profile`.`blocked` AS `Profile_blocked`, `Profile`.`blockeduntil` AS `Profile_blockeduntil`, `Profile`.`blockedafter` AS `Profile_blockedafter`, `Profile`.`logincount` AS `Profile_logincount`, `Profile`.`lastlogin` AS `Profile_lastlogin`, `Profile`.`thislogin` AS `Profile_thislogin`, `Profile`.`failedlogincount` AS `Profile_failedlogincount`, `Profile`.`sessionid` AS `Profile_sessionid`, `Profile`.`dob` AS `Profile_dob`, `Profile`.`gender` AS `Profile_gender`, `Profile`.`address` AS `Profile_address`, `Profile`.`country` AS `Profile_country`, `Profile`.`city` AS `Profile_city`, `Profile`.`state` AS `Profile_state`, `Profile`.`zip` AS `Profile_zip`, `Profile`.`fax` AS `Profile_fax`, `Profile`.`photo` AS `Profile_photo`, `Profile`.`comment` AS `Profile_comment`, `Profile`.`website` AS `Profile_website`, `Profile`.`extended` AS `Profile_extended`, `UserSettings`.`user` AS `UserSettings_user`, `UserSettings`.`key` AS `UserSettings_key`, `UserSettings`.`value` AS `UserSettings_value`, `UserSettings`.`xtype` AS `UserSettings_xtype`, `UserSettings`.`namespace` AS `UserSettings_namespace`, `UserSettings`.`area` AS `UserSettings_area`, `UserSettings`.`editedon` AS `UserSettings_editedon` FROM `modx_users` AS `modUser` LEFT JOIN `modx_user_attributes` `Profile` ON `modUser`.`id` = `Profile`.`internalKey` LEFT JOIN `modx_user_settings` `UserSettings` ON `modUser`.`id` = `UserSettings`.`user` WHERE `modUser`.`username` = ? ORDER BY `modUser`.`id` ASC  - 
[2015-03-03 20:54:20] (ERROR in xPDOConnection::connect @ /var/www/html/github/core/xpdo/xpdo.class.php : 3043) SQLSTATE[28000] [1045] Access denied for user 'root'@'localhost' (using password: NO)
[2015-03-03 20:54:20] (ERROR in xPDOConnection::connect @ /var/www/html/github/core/xpdo/xpdo.class.php : 3043) SQLSTATE[28000] [1045] Access denied for user 'root'@'localhost' (using password: NO)
[2015-03-03 20:54:20] (ERROR @ /github/manager/index.php) Error preparing statement for query: SELECT `modSession`.`id` AS `modSession_id`, `modSession`.`access` AS `modSession_access`, `modSession`.`data` AS `modSession_data` FROM `modx_session` AS `modSession` WHERE `modSession`.`id` = ?  - 
[2015-03-03 20:54:20] (ERROR in xPDOConnection::connect @ /var/www/html/github/core/xpdo/xpdo.class.php : 3043) SQLSTATE[28000] [1045] Access denied for user 'root'@'localhost' (using password: NO)
[2015-03-03 20:54:20] (ERROR in xPDOConnection::connect @ /var/www/html/github/core/xpdo/xpdo.class.php : 3043) SQLSTATE[28000] [1045] Access denied for user 'root'@'localhost' (using password: NO)
[2015-03-03 20:54:37] (ERROR in xPDOConnection::connect @ /var/www/html/github/core/xpdo/xpdo.class.php : 3043) SQLSTATE[28000] [1045] Access denied for user 'root'@'localhost' (using password: NO)
[2015-03-03 20:54:37] (ERROR in xPDOConnection::connect @ /var/www/html/github/core/xpdo/xpdo.class.php : 3043) SQLSTATE[28000] [1045] Access denied for user 'root'@'localhost' (using password: NO)
[2015-03-03 20:54:37] (ERROR in xPDOConnection::connect @ /var/www/html/github/core/xpdo/xpdo.class.php : 3043) SQLSTATE[28000] [1045] Access denied for user 'root'@'localhost' (using password: NO)
[2015-03-03 20:54:37] (ERROR @ /github/index.php) Error preparing statement for query: SELECT `modSession`.`id` AS `modSession_id`, `modSession`.`access` AS `modSession_access`, `modSession`.`data` AS `modSession_data` FROM `modx_session` AS `modSession` WHERE `modSession`.`id` = ?  - 
[2015-03-03 20:54:37] (ERROR in xPDOConnection::connect @ /var/www/html/github/core/xpdo/xpdo.class.php : 3043) SQLSTATE[28000] [1045] Access denied for user 'root'@'localhost' (using password: NO)
[2015-03-03 20:54:37] (ERROR in xPDOConnection::connect @ /var/www/html/github/core/xpdo/xpdo.class.php : 3043) SQLSTATE[28000] [1045] Access denied for user 'root'@'localhost' (using password: NO)
[2015-03-03 20:54:37] (ERROR @ /github/index.php) Error preparing statement for query: SELECT `modSession`.`id` AS `modSession_id`, `modSession`.`access` AS `modSession_access`, `modSession`.`data` AS `modSession_data` FROM `modx_session` AS `modSession` WHERE `modSession`.`id` = ?  - 
[2015-03-03 20:54:37] (ERROR in xPDOConnection::connect @ /var/www/html/github/core/xpdo/xpdo.class.php : 3043) SQLSTATE[28000] [1045] Access denied for user 'root'@'localhost' (using password: NO)
[2015-03-03 20:54:37] (ERROR in xPDOConnection::connect @ /var/www/html/github/core/xpdo/xpdo.class.php : 3043) SQLSTATE[28000] [1045] Access denied for user 'root'@'localhost' (using password: NO)
